<?xml version="1.0" encoding="UTF-8"?>
<testsuite xmlns:xsi="http://www.w3.org/2001/XMLSchema-instance" xsi:noNamespaceSchemaLocation="https://maven.apache.org/surefire/maven-surefire-plugin/xsd/surefire-test-report.xsd" name="accounts.web.AccountControllerCustomAuthenticationProviderTests" time="0.901" tests="1" errors="0" skipped="1" failures="0">
  <properties>
    <property name="java.specification.version" value="17"/>
    <property name="sun.jnu.encoding" value="UTF-8"/>
    <property name="java.class.path" value="/home/liviu/Desktop/lab/42-security-rest/target/test-classes:/home/liviu/Desktop/lab/42-security-rest/target/classes:/home/liviu/.m2/repository/org/springframework/boot/spring-boot-starter-web/2.7.5/spring-boot-starter-web-2.7.5.jar:/home/liviu/.m2/repository/org/springframework/boot/spring-boot-starter-json/2.7.5/spring-boot-starter-json-2.7.5.jar:/home/liviu/.m2/repository/com/fasterxml/jackson/core/jackson-databind/2.13.4.2/jackson-databind-2.13.4.2.jar:/home/liviu/.m2/repository/com/fasterxml/jackson/core/jackson-core/2.13.4/jackson-core-2.13.4.jar:/home/liviu/.m2/repository/com/fasterxml/jackson/datatype/jackson-datatype-jdk8/2.13.4/jackson-datatype-jdk8-2.13.4.jar:/home/liviu/.m2/repository/com/fasterxml/jackson/datatype/jackson-datatype-jsr310/2.13.4/jackson-datatype-jsr310-2.13.4.jar:/home/liviu/.m2/repository/com/fasterxml/jackson/module/jackson-module-parameter-names/2.13.4/jackson-module-parameter-names-2.13.4.jar:/home/liviu/.m2/repository/org/springframework/boot/spring-boot-starter-tomcat/2.7.5/spring-boot-starter-tomcat-2.7.5.jar:/home/liviu/.m2/repository/org/apache/tomcat/embed/tomcat-embed-core/9.0.68/tomcat-embed-core-9.0.68.jar:/home/liviu/.m2/repository/org/apache/tomcat/embed/tomcat-embed-el/9.0.68/tomcat-embed-el-9.0.68.jar:/home/liviu/.m2/repository/org/apache/tomcat/embed/tomcat-embed-websocket/9.0.68/tomcat-embed-websocket-9.0.68.jar:/home/liviu/.m2/repository/org/springframework/spring-web/5.3.23/spring-web-5.3.23.jar:/home/liviu/.m2/repository/org/springframework/spring-webmvc/5.3.23/spring-webmvc-5.3.23.jar:/home/liviu/.m2/repository/org/springframework/spring-context/5.3.23/spring-context-5.3.23.jar:/home/liviu/.m2/repository/org/springframework/spring-expression/5.3.23/spring-expression-5.3.23.jar:/home/liviu/.m2/repository/org/springframework/boot/spring-boot-starter-security/2.7.5/spring-boot-starter-security-2.7.5.jar:/home/liviu/.m2/repository/org/springframework/spring-aop/5.3.23/spring-aop-5.3.23.jar:/home/liviu/.m2/repository/org/springframework/security/spring-security-config/5.8.0/spring-security-config-5.8.0.jar:/home/liviu/.m2/repository/org/springframework/security/spring-security-web/5.8.0/spring-security-web-5.8.0.jar:/home/liviu/.m2/repository/org/springframework/security/spring-security-test/5.8.0/spring-security-test-5.8.0.jar:/home/liviu/.m2/repository/org/springframework/security/spring-security-core/5.8.0/spring-security-core-5.8.0.jar:/home/liviu/.m2/repository/org/springframework/security/spring-security-crypto/5.8.0/spring-security-crypto-5.8.0.jar:/home/liviu/.m2/repository/org/springframework/spring-core/5.3.23/spring-core-5.3.23.jar:/home/liviu/.m2/repository/org/springframework/spring-jcl/5.3.23/spring-jcl-5.3.23.jar:/home/liviu/.m2/repository/org/springframework/spring-test/5.3.23/spring-test-5.3.23.jar:/home/liviu/.m2/repository/org/springframework/boot/spring-boot-devtools/2.7.5/spring-boot-devtools-2.7.5.jar:/home/liviu/.m2/repository/org/springframework/boot/spring-boot/2.7.5/spring-boot-2.7.5.jar:/home/liviu/.m2/repository/org/springframework/boot/spring-boot-autoconfigure/2.7.5/spring-boot-autoconfigure-2.7.5.jar:/home/liviu/Desktop/lab/00-rewards-common/target/00-rewards-common-5.3.23.jar:/home/liviu/.m2/repository/org/hibernate/hibernate-entitymanager/5.6.12.Final/hibernate-entitymanager-5.6.12.Final.jar:/home/liviu/.m2/repository/org/jboss/logging/jboss-logging/3.4.3.Final/jboss-logging-3.4.3.Final.jar:/home/liviu/.m2/repository/org/hibernate/hibernate-core/5.6.12.Final/hibernate-core-5.6.12.Final.jar:/home/liviu/.m2/repository/antlr/antlr/2.7.7/antlr-2.7.7.jar:/home/liviu/.m2/repository/org/jboss/jandex/2.4.2.Final/jandex-2.4.2.Final.jar:/home/liviu/.m2/repository/com/fasterxml/classmate/1.5.1/classmate-1.5.1.jar:/home/liviu/.m2/repository/javax/activation/javax.activation-api/1.2.0/javax.activation-api-1.2.0.jar:/home/liviu/.m2/repository/javax/xml/bind/jaxb-api/2.3.1/jaxb-api-2.3.1.jar:/home/liviu/.m2/repository/org/glassfish/jaxb/jaxb-runtime/2.3.7/jaxb-runtime-2.3.7.jar:/home/liviu/.m2/repository/org/glassfish/jaxb/txw2/2.3.7/txw2-2.3.7.jar:/home/liviu/.m2/repository/com/sun/istack/istack-commons-runtime/3.0.12/istack-commons-runtime-3.0.12.jar:/home/liviu/.m2/repository/com/sun/activation/jakarta.activation/1.2.2/jakarta.activation-1.2.2.jar:/home/liviu/.m2/repository/org/hibernate/common/hibernate-commons-annotations/5.1.2.Final/hibernate-commons-annotations-5.1.2.Final.jar:/home/liviu/.m2/repository/javax/persistence/javax.persistence-api/2.2/javax.persistence-api-2.2.jar:/home/liviu/.m2/repository/net/bytebuddy/byte-buddy/1.12.18/byte-buddy-1.12.18.jar:/home/liviu/.m2/repository/org/jboss/spec/javax/transaction/jboss-transaction-api_1.2_spec/1.1.1.Final/jboss-transaction-api_1.2_spec-1.1.1.Final.jar:/home/liviu/.m2/repository/com/fasterxml/jackson/core/jackson-annotations/2.13.4/jackson-annotations-2.13.4.jar:/home/liviu/Desktop/lab/01-rewards-db/target/01-rewards-db-5.3.23.jar:/home/liviu/.m2/repository/org/springframework/spring-orm/5.3.23/spring-orm-5.3.23.jar:/home/liviu/.m2/repository/org/springframework/boot/spring-boot-starter/2.7.5/spring-boot-starter-2.7.5.jar:/home/liviu/.m2/repository/org/springframework/boot/spring-boot-starter-logging/2.7.5/spring-boot-starter-logging-2.7.5.jar:/home/liviu/.m2/repository/ch/qos/logback/logback-classic/1.2.11/logback-classic-1.2.11.jar:/home/liviu/.m2/repository/ch/qos/logback/logback-core/1.2.11/logback-core-1.2.11.jar:/home/liviu/.m2/repository/org/apache/logging/log4j/log4j-to-slf4j/2.17.2/log4j-to-slf4j-2.17.2.jar:/home/liviu/.m2/repository/org/apache/logging/log4j/log4j-api/2.17.2/log4j-api-2.17.2.jar:/home/liviu/.m2/repository/org/slf4j/jul-to-slf4j/1.7.36/jul-to-slf4j-1.7.36.jar:/home/liviu/.m2/repository/jakarta/annotation/jakarta.annotation-api/1.3.5/jakarta.annotation-api-1.3.5.jar:/home/liviu/.m2/repository/org/yaml/snakeyaml/1.30/snakeyaml-1.30.jar:/home/liviu/.m2/repository/org/springframework/boot/spring-boot-starter-test/2.7.5/spring-boot-starter-test-2.7.5.jar:/home/liviu/.m2/repository/org/springframework/boot/spring-boot-test/2.7.5/spring-boot-test-2.7.5.jar:/home/liviu/.m2/repository/org/springframework/boot/spring-boot-test-autoconfigure/2.7.5/spring-boot-test-autoconfigure-2.7.5.jar:/home/liviu/.m2/repository/com/jayway/jsonpath/json-path/2.7.0/json-path-2.7.0.jar:/home/liviu/.m2/repository/net/minidev/json-smart/2.4.8/json-smart-2.4.8.jar:/home/liviu/.m2/repository/net/minidev/accessors-smart/2.4.8/accessors-smart-2.4.8.jar:/home/liviu/.m2/repository/org/ow2/asm/asm/9.1/asm-9.1.jar:/home/liviu/.m2/repository/org/slf4j/slf4j-api/1.7.36/slf4j-api-1.7.36.jar:/home/liviu/.m2/repository/jakarta/xml/bind/jakarta.xml.bind-api/2.3.3/jakarta.xml.bind-api-2.3.3.jar:/home/liviu/.m2/repository/jakarta/activation/jakarta.activation-api/1.2.2/jakarta.activation-api-1.2.2.jar:/home/liviu/.m2/repository/org/assertj/assertj-core/3.22.0/assertj-core-3.22.0.jar:/home/liviu/.m2/repository/org/hamcrest/hamcrest/2.2/hamcrest-2.2.jar:/home/liviu/.m2/repository/org/junit/jupiter/junit-jupiter/5.8.2/junit-jupiter-5.8.2.jar:/home/liviu/.m2/repository/org/junit/jupiter/junit-jupiter-api/5.8.2/junit-jupiter-api-5.8.2.jar:/home/liviu/.m2/repository/org/opentest4j/opentest4j/1.2.0/opentest4j-1.2.0.jar:/home/liviu/.m2/repository/org/junit/platform/junit-platform-commons/1.8.2/junit-platform-commons-1.8.2.jar:/home/liviu/.m2/repository/org/apiguardian/apiguardian-api/1.1.2/apiguardian-api-1.1.2.jar:/home/liviu/.m2/repository/org/junit/jupiter/junit-jupiter-params/5.8.2/junit-jupiter-params-5.8.2.jar:/home/liviu/.m2/repository/org/junit/jupiter/junit-jupiter-engine/5.8.2/junit-jupiter-engine-5.8.2.jar:/home/liviu/.m2/repository/org/junit/platform/junit-platform-engine/1.8.2/junit-platform-engine-1.8.2.jar:/home/liviu/.m2/repository/org/mockito/mockito-core/4.5.1/mockito-core-4.5.1.jar:/home/liviu/.m2/repository/net/bytebuddy/byte-buddy-agent/1.12.18/byte-buddy-agent-1.12.18.jar:/home/liviu/.m2/repository/org/objenesis/objenesis/3.2/objenesis-3.2.jar:/home/liviu/.m2/repository/org/mockito/mockito-junit-jupiter/4.5.1/mockito-junit-jupiter-4.5.1.jar:/home/liviu/.m2/repository/org/skyscreamer/jsonassert/1.5.1/jsonassert-1.5.1.jar:/home/liviu/.m2/repository/com/vaadin/external/google/android-json/0.0.20131108.vaadin1/android-json-0.0.20131108.vaadin1.jar:/home/liviu/.m2/repository/org/xmlunit/xmlunit-core/2.9.0/xmlunit-core-2.9.0.jar:/home/liviu/.m2/repository/org/springframework/spring-jdbc/5.3.23/spring-jdbc-5.3.23.jar:/home/liviu/.m2/repository/org/springframework/spring-beans/5.3.23/spring-beans-5.3.23.jar:/home/liviu/.m2/repository/org/springframework/spring-tx/5.3.23/spring-tx-5.3.23.jar:/home/liviu/.m2/repository/org/hsqldb/hsqldb/2.5.2/hsqldb-2.5.2.jar:"/>
    <property name="java.vm.vendor" value="Eclipse Adoptium"/>
    <property name="sun.arch.data.model" value="64"/>
    <property name="java.vendor.url" value="https://adoptium.net/"/>
    <property name="os.name" value="Linux"/>
    <property name="java.vm.specification.version" value="17"/>
    <property name="sun.java.launcher" value="SUN_STANDARD"/>
    <property name="user.country" value="US"/>
    <property name="sun.boot.library.path" value="/home/liviu/.sdkman/candidates/java/17.0.13-tem/lib"/>
    <property name="sun.java.command" value="/home/liviu/Desktop/lab/42-security-rest/target/surefire/surefirebooter1453557248457947003.jar /home/liviu/Desktop/lab/42-security-rest/target/surefire 2024-12-11T19-20-06_179-jvmRun1 surefire9973758702575301973tmp surefire_277375987788751796733tmp"/>
    <property name="jdk.debug" value="release"/>
    <property name="surefire.test.class.path" value="/home/liviu/Desktop/lab/42-security-rest/target/test-classes:/home/liviu/Desktop/lab/42-security-rest/target/classes:/home/liviu/.m2/repository/org/springframework/boot/spring-boot-starter-web/2.7.5/spring-boot-starter-web-2.7.5.jar:/home/liviu/.m2/repository/org/springframework/boot/spring-boot-starter-json/2.7.5/spring-boot-starter-json-2.7.5.jar:/home/liviu/.m2/repository/com/fasterxml/jackson/core/jackson-databind/2.13.4.2/jackson-databind-2.13.4.2.jar:/home/liviu/.m2/repository/com/fasterxml/jackson/core/jackson-core/2.13.4/jackson-core-2.13.4.jar:/home/liviu/.m2/repository/com/fasterxml/jackson/datatype/jackson-datatype-jdk8/2.13.4/jackson-datatype-jdk8-2.13.4.jar:/home/liviu/.m2/repository/com/fasterxml/jackson/datatype/jackson-datatype-jsr310/2.13.4/jackson-datatype-jsr310-2.13.4.jar:/home/liviu/.m2/repository/com/fasterxml/jackson/module/jackson-module-parameter-names/2.13.4/jackson-module-parameter-names-2.13.4.jar:/home/liviu/.m2/repository/org/springframework/boot/spring-boot-starter-tomcat/2.7.5/spring-boot-starter-tomcat-2.7.5.jar:/home/liviu/.m2/repository/org/apache/tomcat/embed/tomcat-embed-core/9.0.68/tomcat-embed-core-9.0.68.jar:/home/liviu/.m2/repository/org/apache/tomcat/embed/tomcat-embed-el/9.0.68/tomcat-embed-el-9.0.68.jar:/home/liviu/.m2/repository/org/apache/tomcat/embed/tomcat-embed-websocket/9.0.68/tomcat-embed-websocket-9.0.68.jar:/home/liviu/.m2/repository/org/springframework/spring-web/5.3.23/spring-web-5.3.23.jar:/home/liviu/.m2/repository/org/springframework/spring-webmvc/5.3.23/spring-webmvc-5.3.23.jar:/home/liviu/.m2/repository/org/springframework/spring-context/5.3.23/spring-context-5.3.23.jar:/home/liviu/.m2/repository/org/springframework/spring-expression/5.3.23/spring-expression-5.3.23.jar:/home/liviu/.m2/repository/org/springframework/boot/spring-boot-starter-security/2.7.5/spring-boot-starter-security-2.7.5.jar:/home/liviu/.m2/repository/org/springframework/spring-aop/5.3.23/spring-aop-5.3.23.jar:/home/liviu/.m2/repository/org/springframework/security/spring-security-config/5.8.0/spring-security-config-5.8.0.jar:/home/liviu/.m2/repository/org/springframework/security/spring-security-web/5.8.0/spring-security-web-5.8.0.jar:/home/liviu/.m2/repository/org/springframework/security/spring-security-test/5.8.0/spring-security-test-5.8.0.jar:/home/liviu/.m2/repository/org/springframework/security/spring-security-core/5.8.0/spring-security-core-5.8.0.jar:/home/liviu/.m2/repository/org/springframework/security/spring-security-crypto/5.8.0/spring-security-crypto-5.8.0.jar:/home/liviu/.m2/repository/org/springframework/spring-core/5.3.23/spring-core-5.3.23.jar:/home/liviu/.m2/repository/org/springframework/spring-jcl/5.3.23/spring-jcl-5.3.23.jar:/home/liviu/.m2/repository/org/springframework/spring-test/5.3.23/spring-test-5.3.23.jar:/home/liviu/.m2/repository/org/springframework/boot/spring-boot-devtools/2.7.5/spring-boot-devtools-2.7.5.jar:/home/liviu/.m2/repository/org/springframework/boot/spring-boot/2.7.5/spring-boot-2.7.5.jar:/home/liviu/.m2/repository/org/springframework/boot/spring-boot-autoconfigure/2.7.5/spring-boot-autoconfigure-2.7.5.jar:/home/liviu/Desktop/lab/00-rewards-common/target/00-rewards-common-5.3.23.jar:/home/liviu/.m2/repository/org/hibernate/hibernate-entitymanager/5.6.12.Final/hibernate-entitymanager-5.6.12.Final.jar:/home/liviu/.m2/repository/org/jboss/logging/jboss-logging/3.4.3.Final/jboss-logging-3.4.3.Final.jar:/home/liviu/.m2/repository/org/hibernate/hibernate-core/5.6.12.Final/hibernate-core-5.6.12.Final.jar:/home/liviu/.m2/repository/antlr/antlr/2.7.7/antlr-2.7.7.jar:/home/liviu/.m2/repository/org/jboss/jandex/2.4.2.Final/jandex-2.4.2.Final.jar:/home/liviu/.m2/repository/com/fasterxml/classmate/1.5.1/classmate-1.5.1.jar:/home/liviu/.m2/repository/javax/activation/javax.activation-api/1.2.0/javax.activation-api-1.2.0.jar:/home/liviu/.m2/repository/javax/xml/bind/jaxb-api/2.3.1/jaxb-api-2.3.1.jar:/home/liviu/.m2/repository/org/glassfish/jaxb/jaxb-runtime/2.3.7/jaxb-runtime-2.3.7.jar:/home/liviu/.m2/repository/org/glassfish/jaxb/txw2/2.3.7/txw2-2.3.7.jar:/home/liviu/.m2/repository/com/sun/istack/istack-commons-runtime/3.0.12/istack-commons-runtime-3.0.12.jar:/home/liviu/.m2/repository/com/sun/activation/jakarta.activation/1.2.2/jakarta.activation-1.2.2.jar:/home/liviu/.m2/repository/org/hibernate/common/hibernate-commons-annotations/5.1.2.Final/hibernate-commons-annotations-5.1.2.Final.jar:/home/liviu/.m2/repository/javax/persistence/javax.persistence-api/2.2/javax.persistence-api-2.2.jar:/home/liviu/.m2/repository/net/bytebuddy/byte-buddy/1.12.18/byte-buddy-1.12.18.jar:/home/liviu/.m2/repository/org/jboss/spec/javax/transaction/jboss-transaction-api_1.2_spec/1.1.1.Final/jboss-transaction-api_1.2_spec-1.1.1.Final.jar:/home/liviu/.m2/repository/com/fasterxml/jackson/core/jackson-annotations/2.13.4/jackson-annotations-2.13.4.jar:/home/liviu/Desktop/lab/01-rewards-db/target/01-rewards-db-5.3.23.jar:/home/liviu/.m2/repository/org/springframework/spring-orm/5.3.23/spring-orm-5.3.23.jar:/home/liviu/.m2/repository/org/springframework/boot/spring-boot-starter/2.7.5/spring-boot-starter-2.7.5.jar:/home/liviu/.m2/repository/org/springframework/boot/spring-boot-starter-logging/2.7.5/spring-boot-starter-logging-2.7.5.jar:/home/liviu/.m2/repository/ch/qos/logback/logback-classic/1.2.11/logback-classic-1.2.11.jar:/home/liviu/.m2/repository/ch/qos/logback/logback-core/1.2.11/logback-core-1.2.11.jar:/home/liviu/.m2/repository/org/apache/logging/log4j/log4j-to-slf4j/2.17.2/log4j-to-slf4j-2.17.2.jar:/home/liviu/.m2/repository/org/apache/logging/log4j/log4j-api/2.17.2/log4j-api-2.17.2.jar:/home/liviu/.m2/repository/org/slf4j/jul-to-slf4j/1.7.36/jul-to-slf4j-1.7.36.jar:/home/liviu/.m2/repository/jakarta/annotation/jakarta.annotation-api/1.3.5/jakarta.annotation-api-1.3.5.jar:/home/liviu/.m2/repository/org/yaml/snakeyaml/1.30/snakeyaml-1.30.jar:/home/liviu/.m2/repository/org/springframework/boot/spring-boot-starter-test/2.7.5/spring-boot-starter-test-2.7.5.jar:/home/liviu/.m2/repository/org/springframework/boot/spring-boot-test/2.7.5/spring-boot-test-2.7.5.jar:/home/liviu/.m2/repository/org/springframework/boot/spring-boot-test-autoconfigure/2.7.5/spring-boot-test-autoconfigure-2.7.5.jar:/home/liviu/.m2/repository/com/jayway/jsonpath/json-path/2.7.0/json-path-2.7.0.jar:/home/liviu/.m2/repository/net/minidev/json-smart/2.4.8/json-smart-2.4.8.jar:/home/liviu/.m2/repository/net/minidev/accessors-smart/2.4.8/accessors-smart-2.4.8.jar:/home/liviu/.m2/repository/org/ow2/asm/asm/9.1/asm-9.1.jar:/home/liviu/.m2/repository/org/slf4j/slf4j-api/1.7.36/slf4j-api-1.7.36.jar:/home/liviu/.m2/repository/jakarta/xml/bind/jakarta.xml.bind-api/2.3.3/jakarta.xml.bind-api-2.3.3.jar:/home/liviu/.m2/repository/jakarta/activation/jakarta.activation-api/1.2.2/jakarta.activation-api-1.2.2.jar:/home/liviu/.m2/repository/org/assertj/assertj-core/3.22.0/assertj-core-3.22.0.jar:/home/liviu/.m2/repository/org/hamcrest/hamcrest/2.2/hamcrest-2.2.jar:/home/liviu/.m2/repository/org/junit/jupiter/junit-jupiter/5.8.2/junit-jupiter-5.8.2.jar:/home/liviu/.m2/repository/org/junit/jupiter/junit-jupiter-api/5.8.2/junit-jupiter-api-5.8.2.jar:/home/liviu/.m2/repository/org/opentest4j/opentest4j/1.2.0/opentest4j-1.2.0.jar:/home/liviu/.m2/repository/org/junit/platform/junit-platform-commons/1.8.2/junit-platform-commons-1.8.2.jar:/home/liviu/.m2/repository/org/apiguardian/apiguardian-api/1.1.2/apiguardian-api-1.1.2.jar:/home/liviu/.m2/repository/org/junit/jupiter/junit-jupiter-params/5.8.2/junit-jupiter-params-5.8.2.jar:/home/liviu/.m2/repository/org/junit/jupiter/junit-jupiter-engine/5.8.2/junit-jupiter-engine-5.8.2.jar:/home/liviu/.m2/repository/org/junit/platform/junit-platform-engine/1.8.2/junit-platform-engine-1.8.2.jar:/home/liviu/.m2/repository/org/mockito/mockito-core/4.5.1/mockito-core-4.5.1.jar:/home/liviu/.m2/repository/net/bytebuddy/byte-buddy-agent/1.12.18/byte-buddy-agent-1.12.18.jar:/home/liviu/.m2/repository/org/objenesis/objenesis/3.2/objenesis-3.2.jar:/home/liviu/.m2/repository/org/mockito/mockito-junit-jupiter/4.5.1/mockito-junit-jupiter-4.5.1.jar:/home/liviu/.m2/repository/org/skyscreamer/jsonassert/1.5.1/jsonassert-1.5.1.jar:/home/liviu/.m2/repository/com/vaadin/external/google/android-json/0.0.20131108.vaadin1/android-json-0.0.20131108.vaadin1.jar:/home/liviu/.m2/repository/org/xmlunit/xmlunit-core/2.9.0/xmlunit-core-2.9.0.jar:/home/liviu/.m2/repository/org/springframework/spring-jdbc/5.3.23/spring-jdbc-5.3.23.jar:/home/liviu/.m2/repository/org/springframework/spring-beans/5.3.23/spring-beans-5.3.23.jar:/home/liviu/.m2/repository/org/springframework/spring-tx/5.3.23/spring-tx-5.3.23.jar:/home/liviu/.m2/repository/org/hsqldb/hsqldb/2.5.2/hsqldb-2.5.2.jar:"/>
    <property name="sun.cpu.endian" value="little"/>
    <property name="user.home" value="/home/liviu"/>
    <property name="user.language" value="en"/>
    <property name="java.specification.vendor" value="Oracle Corporation"/>
    <property name="java.version.date" value="2024-10-15"/>
    <property name="java.home" value="/home/liviu/.sdkman/candidates/java/17.0.13-tem"/>
    <property name="file.separator" value="/"/>
    <property name="basedir" value="/home/liviu/Desktop/lab/42-security-rest"/>
    <property name="java.vm.compressedOopsMode" value="Zero based"/>
    <property name="line.separator" value="&#10;"/>
    <property name="java.specification.name" value="Java Platform API Specification"/>
    <property name="java.vm.specification.vendor" value="Oracle Corporation"/>
    <property name="surefire.real.class.path" value="/home/liviu/Desktop/lab/42-security-rest/target/surefire/surefirebooter1453557248457947003.jar"/>
    <property name="sun.management.compiler" value="HotSpot 64-Bit Tiered Compilers"/>
    <property name="java.runtime.version" value="17.0.13+11"/>
    <property name="user.name" value="liviu"/>
    <property name="path.separator" value=":"/>
    <property name="os.version" value="6.11.10-300.fc41.x86_64"/>
    <property name="java.runtime.name" value="OpenJDK Runtime Environment"/>
    <property name="file.encoding" value="UTF-8"/>
    <property name="java.vm.name" value="OpenJDK 64-Bit Server VM"/>
    <property name="java.vendor.version" value="Temurin-17.0.13+11"/>
    <property name="localRepository" value="/home/liviu/.m2/repository"/>
    <property name="java.vendor.url.bug" value="https://github.com/adoptium/adoptium-support/issues"/>
    <property name="java.io.tmpdir" value="/tmp"/>
    <property name="java.version" value="17.0.13"/>
    <property name="user.dir" value="/home/liviu/Desktop/lab/42-security-rest"/>
    <property name="os.arch" value="amd64"/>
    <property name="java.vm.specification.name" value="Java Virtual Machine Specification"/>
    <property name="native.encoding" value="UTF-8"/>
    <property name="java.library.path" value="/tmp/.mount_cursor6iWK9Y/usr/lib::/usr/java/packages/lib:/usr/lib64:/lib64:/lib:/usr/lib"/>
    <property name="java.vm.info" value="mixed mode, sharing"/>
    <property name="java.vendor" value="Eclipse Adoptium"/>
    <property name="java.vm.version" value="17.0.13+11"/>
    <property name="java.specification.maintenance.version" value="1"/>
    <property name="sun.io.unicode.encoding" value="UnicodeLittle"/>
    <property name="java.class.version" value="61.0"/>
  </properties>
  <testcase name="accountDetails_with_spring_credentials_should_return_200" classname="accounts.web.AccountControllerCustomAuthenticationProviderTests" time="0">
    <skipped message="public void accounts.web.AccountControllerCustomAuthenticationProviderTests.accountDetails_with_spring_credentials_should_return_200() throws java.lang.Exception is @Disabled"/>
    <system-out><![CDATA[INFO : o.s.t.c.support.AbstractContextLoader - Could not detect default resource locations for test class [accounts.web.AccountControllerCustomAuthenticationProviderTests]: no resource found for suffixes {-context.xml, Context.groovy}.
INFO : o.s.b.t.a.w.s.WebMvcTestContextBootstrapper - Loaded default TestExecutionListener class names from location [META-INF/spring.factories]: [org.springframework.security.test.context.support.WithSecurityContextTestExecutionListener, org.springframework.security.test.context.support.ReactorContextTestExecutionListener, org.springframework.test.context.web.ServletTestExecutionListener, org.springframework.test.context.support.DirtiesContextBeforeModesTestExecutionListener, org.springframework.test.context.event.ApplicationEventsTestExecutionListener, org.springframework.test.context.support.DependencyInjectionTestExecutionListener, org.springframework.test.context.support.DirtiesContextTestExecutionListener, org.springframework.test.context.transaction.TransactionalTestExecutionListener, org.springframework.test.context.jdbc.SqlScriptsTestExecutionListener, org.springframework.test.context.event.EventPublishingTestExecutionListener, org.springframework.boot.test.mock.mockito.MockitoTestExecutionListener, org.springframework.boot.test.mock.mockito.ResetMocksTestExecutionListener, org.springframework.boot.test.autoconfigure.restdocs.RestDocsTestExecutionListener, org.springframework.boot.test.autoconfigure.web.client.MockRestServiceServerResetTestExecutionListener, org.springframework.boot.test.autoconfigure.web.servlet.MockMvcPrintOnlyOnFailureTestExecutionListener, org.springframework.boot.test.autoconfigure.web.servlet.WebDriverTestExecutionListener, org.springframework.boot.test.autoconfigure.webservices.client.MockWebServiceServerTestExecutionListener]
INFO : o.s.b.t.a.w.s.WebMvcTestContextBootstrapper - Using TestExecutionListeners: [org.springframework.test.context.web.ServletTestExecutionListener@6e93b0e7, org.springframework.test.context.support.DirtiesContextBeforeModesTestExecutionListener@5eeee124, org.springframework.test.context.event.ApplicationEventsTestExecutionListener@62cd562d, org.springframework.boot.test.mock.mockito.MockitoTestExecutionListener@3d1c52f5, org.springframework.boot.test.autoconfigure.SpringBootDependencyInjectionTestExecutionListener@4e7bc939, org.springframework.test.context.support.DirtiesContextTestExecutionListener@67b5e613, org.springframework.test.context.transaction.TransactionalTestExecutionListener@6fc1a8f6, org.springframework.test.context.jdbc.SqlScriptsTestExecutionListener@3095d401, org.springframework.security.test.context.support.WithSecurityContextTestExecutionListener@2037f12b, org.springframework.test.context.event.EventPublishingTestExecutionListener@687a0e40, org.springframework.security.test.context.support.ReactorContextTestExecutionListener@a9e8da1, org.springframework.boot.test.mock.mockito.ResetMocksTestExecutionListener@14b5752f, org.springframework.boot.test.autoconfigure.restdocs.RestDocsTestExecutionListener@b94703b, org.springframework.boot.test.autoconfigure.web.client.MockRestServiceServerResetTestExecutionListener@33a47707, org.springframework.boot.test.autoconfigure.web.servlet.MockMvcPrintOnlyOnFailureTestExecutionListener@4d290757, org.springframework.boot.test.autoconfigure.web.servlet.WebDriverTestExecutionListener@720a1fd0, org.springframework.boot.test.autoconfigure.webservices.client.MockWebServiceServerTestExecutionListener@5ab7ac02]
 ::                                                         ____
 /\    ____                 ____             _              \ \ \
|/\|  / ___|___  _ __ ___  / ___| _ __  _ __(_)_ __   __ _   \ \ \
     | |   / _ \| '__/ _ \ \___ \| '_ \| '__| | '_ \ / _` |   \ \ \
     | |__| (_) | | |  __/  ___) | |_) | |  | | | | | (_| |   / / /
      \____\___/|_|  \___| |____/| .__/|_|  |_|_| |_|\__, |  / / /
 ================================|_|==================|___/=/_/_/=
   :: Core Spring Training ::                  :: v5.3.23.RELEASE ::

INFO : a.w.AccountControllerCustomAuthenticationProviderTests - Starting AccountControllerCustomAuthenticationProviderTests using Java 17.0.13 on USS-Enterprise with PID 14282 (started by liviu in /home/liviu/Desktop/lab/42-security-rest)
DEBUG: a.w.AccountControllerCustomAuthenticationProviderTests - Running with Spring Boot v2.7.5, Spring v5.3.23
INFO : a.w.AccountControllerCustomAuthenticationProviderTests - No active profile set, falling back to 1 default profile: "default"
INFO : o.s.s.web.DefaultSecurityFilterChain - Will secure any request with [org.springframework.security.web.session.DisableEncodeUrlFilter@1573e8a5, org.springframework.security.web.context.request.async.WebAsyncManagerIntegrationFilter@38022758, org.springframework.security.web.context.SecurityContextPersistenceFilter@53dba9cd, org.springframework.security.web.header.HeaderWriterFilter@efe49ab, org.springframework.security.web.authentication.logout.LogoutFilter@402d6012, org.springframework.security.web.authentication.www.BasicAuthenticationFilter@3e753289, org.springframework.security.web.savedrequest.RequestCacheAwareFilter@247bbfba, org.springframework.security.web.servletapi.SecurityContextHolderAwareRequestFilter@5834198f, org.springframework.security.web.authentication.AnonymousAuthenticationFilter@69f9b561, org.springframework.security.web.session.SessionManagementFilter@6dcf7b6a, org.springframework.security.web.access.ExceptionTranslationFilter@184de357, org.springframework.security.web.access.intercept.AuthorizationFilter@41d20f06]
INFO : o.s.b.a.w.s.WelcomePageHandlerMapping - Adding welcome page: class path resource [static/index.html]
DEBUG: _.s.web.servlet.HandlerMapping.Mappings - 
	a.w.AccountController:
	{GET [/authorities]}: getAuthoritiesForUser(String)
	{GET [/accounts/{accountId}/beneficiaries/{beneficiaryName}]}: getBeneficiary(int,String)
	{POST [/accounts/{accountId}/beneficiaries]}: addBeneficiary(long,String)
	{DELETE [/accounts/{accountId}/beneficiaries/{beneficiaryName}]}: removeBeneficiary(long,String)
	{GET [/accounts]}: accountSummary()
	{GET [/accounts/{id}]}: accountDetails(int)
	{POST [/accounts]}: createAccount(Account)
DEBUG: _.s.web.servlet.HandlerMapping.Mappings - 
	o.s.b.a.w.s.e.BasicErrorController:
	{ [/error]}: error(HttpServletRequest)
	{ [/error], produces [text/html]}: errorHtml(HttpServletRequest,HttpServletResponse)
DEBUG: _.s.web.servlet.HandlerMapping.Mappings - 'beanNameHandlerMapping' {}
DEBUG: _.s.web.servlet.HandlerMapping.Mappings - 'resourceHandlerMapping' {/webjars/**=ResourceHttpRequestHandler [classpath [META-INF/resources/webjars/]], /**=ResourceHttpRequestHandler [classpath [META-INF/resources/], classpath [resources/], classpath [static/], classpath [public/], ServletContext [/]]}
INFO : o.s.b.t.m.w.SpringBootMockServletContext - Initializing Spring TestDispatcherServlet ''
INFO : o.s.t.web.servlet.TestDispatcherServlet - Initializing Servlet ''
INFO : o.s.t.web.servlet.TestDispatcherServlet - Completed initialization in 1 ms
INFO : a.w.AccountControllerCustomAuthenticationProviderTests - Started AccountControllerCustomAuthenticationProviderTests in 0.87 seconds (JVM running for 6.4)
]]></system-out>
  </testcase>
</testsuite>